{
  "RSpec": {
    "coverage": {
      "/Users/jackhooper/Documents/Makers/Week Four - (Full Course)/bookmark-manager/spec/bookmarks_spec.rb": {
        "lines": [
          1,
          null,
          1,
          1,
          1,
          null,
          null,
          1,
          1,
          null,
          null
        ]
      },
      "/Users/jackhooper/Documents/Makers/Week Four - (Full Course)/bookmark-manager/spec/features/features_spec.rb": {
        "lines": [
          1,
          null,
          null,
          null,
          null,
          null,
          null,
          null,
          null,
          1,
          1,
          1,
          1,
          1,
          null,
          null
        ]
      }
    },
    "timestamp": 1616432219
  }
}
