{
  "RSpec": {
    "coverage": {
      "/Users/jackhooper/Documents/Makers/Week Four - (Full Course)/bookmark_manager_1/spec/bookmarks_spec.rb": {
        "lines": [
          1,
          null,
          1,
          1,
          1,
          null,
          null,
          null,
          1,
          1,
          null,
          null
        ]
      },
      "/Users/jackhooper/Documents/Makers/Week Four - (Full Course)/bookmark_manager_1/spec/features/features_spec.rb": {
        "lines": [
          1,
          null,
          null,
          null,
          null,
          null,
          null,
          null,
          null,
          1,
          1,
          1,
          1,
          1,
          1,
          null,
          null
        ]
      },
      "/Users/jackhooper/Documents/Makers/Week Four - (Full Course)/bookmark_manager_1/spec/features/new_bookmark_spec.rb": {
        "lines": [
          1,
          1,
          1,
          1,
          1,
          1,
          0,
          0,
          0,
          null,
          null,
          null
        ]
      }
    },
    "timestamp": 1616599744
  }
}
